[2020-06-12 22:39:49.557][Main] Запустили бота.
[2020-06-12 22:39:51.045][Main] Добавили сервер Bla Bla Home|662792655314485268 в список.
[2020-06-12 22:40:02.545][Send Emote] Отправили эмоцию kiss от пользователя Member 206520588880183298; BlaBlaName#3316 (BlaBlaName).
[2020-06-12 22:41:06.792][Main] Запустили бота.
[2020-06-12 22:41:08.474][Main] Добавили сервер Bla Bla Home|662792655314485268 в список.
[2020-06-12 22:41:15.156][Send Emote] Отправили эмоцию kiss от пользователя Member 206520588880183298; BlaBlaName#3316 (BlaBlaName).
[2020-06-12 22:49:01.351][Main] Запустили бота.
[2020-06-12 22:49:02.950][Main] Добавили сервер Bla Bla Home|662792655314485268 в список.
[2020-06-12 22:52:41.238][Main] Запустили бота.
[2020-06-12 22:52:42.794][Main] Добавили сервер Bla Bla Home|662792655314485268 в список.
[2020-06-12 22:52:54.170][Send Emote] Отправили эмоцию cry от пользователя Member 206520588880183298; BlaBlaName#3316 (BlaBlaName).
[2020-06-12 22:53:10.270][Send Emote] Отправили эмоцию cry от пользователя Member 206520588880183298; BlaBlaName#3316 (BlaBlaName).
[2020-06-12 22:53:26.199][Send Emote] Отправили эмоцию cry от пользователя Member 206520588880183298; BlaBlaName#3316 (BlaBlaName).
[2020-06-12 23:00:17.144][Main] Запустили бота.
[2020-06-12 23:00:19.729][Main] Добавили сервер Bla Bla Home|662792655314485268 в список.
[2020-06-12 23:00:30.443][Send Emote] Отправили эмоцию kiss от пользователя Member 206520588880183298; BlaBlaName#3316 (BlaBlaName).
[2020-06-12 23:11:27.360][Main] Запустили бота.
[2020-06-12 23:11:28.916][Main] Добавили сервер Bla Bla Home|662792655314485268 в список.
[2020-06-12 23:11:36.372][Send Emote] Отправили эмоцию kiss от пользователя Member 206520588880183298; BlaBlaName#3316 (BlaBlaName).
[2020-06-12 23:18:56.109][Main] Запустили бота.
[2020-06-12 23:19:03.068][Main] Добавили сервер Bla Bla Home|662792655314485268 в список.
[2020-06-12 23:19:11.187][Send Emote] Отправили эмоцию kiss от пользователя Member 206520588880183298; BlaBlaName#3316 (BlaBlaName).
[2020-06-12 23:19:16.562][Send Emote] Заменили эмоцию kiss от пользователя Member 206520588880183298; BlaBlaName#3316 (BlaBlaName).
[2020-06-12 23:19:22.411][Send Emote] Заменили эмоцию kiss от пользователя Member 206520588880183298; BlaBlaName#3316 (BlaBlaName).
[2020-06-12 23:22:02.806][Main] Запустили бота.
[2020-06-12 23:22:04.337][Main] Добавили сервер Bla Bla Home|662792655314485268 в список.
[2020-06-12 23:30:13.928][Main] Запустили бота.
[2020-06-12 23:30:16.399][Main] Добавили сервер Bla Bla Home|662792655314485268 в список.
[2020-06-12 23:30:38.422][Send Emote] Отправили эмоцию cry от пользователя Member 206520588880183298; BlaBlaName#3316 (BlaBlaName).
[2020-06-12 23:30:43.969][Send Emote] Заменили эмоцию cry от пользователя Member 206520588880183298; BlaBlaName#3316 (BlaBlaName).
[2020-06-12 23:31:39.215][Send Emote] Отключили возможность обновлять эмоцию на сообщении Message 721099161361055825; Attachment count: 0; Embed count: 1; Contents: .
