[2020-06-14 13:34:39.421][Main] Запустили бота.
[2020-06-14 13:34:41.423][Main] Добавили сервер Bla Bla Home|662792655314485268 в список.
[2020-06-14 13:35:49.677][Main] Запустили бота.
[2020-06-14 13:35:51.196][Main] Добавили сервер Bla Bla Home|662792655314485268 в список.
[2020-06-14 13:39:11.817][Main] Запустили бота.
[2020-06-14 13:39:13.372][Main] Добавили сервер Bla Bla Home|662792655314485268 в список.
[2020-06-14 13:40:54.058][Main] Запустили бота.
[2020-06-14 13:40:55.627][Main] Добавили сервер Bla Bla Home|662792655314485268 в список.
[2020-06-14 13:42:15.945][Main] Запустили бота.
[2020-06-14 13:42:17.494][Main] Добавили сервер Bla Bla Home|662792655314485268 в список.
[2020-06-14 13:43:16.379][Main] Запустили бота.
[2020-06-14 13:43:17.930][Main] Добавили сервер Bla Bla Home|662792655314485268 в список.
[2020-06-14 14:03:18.772][Main] Запустили бота.
[2020-06-14 14:03:20.349][Main] Добавили сервер Bla Bla Home|662792655314485268 в список.
[2020-06-14 14:04:46.167][Main] Запустили бота.
[2020-06-14 14:04:47.785][Main] Добавили сервер Bla Bla Home|662792655314485268 в список.
[2020-06-14 14:07:56.474][Main] Запустили бота.
[2020-06-14 14:07:58.078][Main] Добавили сервер Bla Bla Home|662792655314485268 в список.
[2020-06-14 14:08:13.030][Guard Role] ВНИМАНИЕ! Изменена защищаемая роль Role 674687611541127209; Солнышко и БляБляНаме на сервере Guild 662792655314485268; Bla Bla Home!
Новые настройки роли:
Позиция: 45
Права: CreateInstantInvite, AddReactions, AccessChannels, SendMessages, EmbedLinks, AttachFiles, ReadMessageHistory, UseExternalEmojis, UseVoice, Speak, UseVoiceDetection, ChangeNickname
Название: Солнышко и БляБляНаме
Цвет: #843DA4
Старые настройки роли:
Позиция: 50
Права: CreateInstantInvite, AddReactions, AccessChannels, SendMessages, EmbedLinks, AttachFiles, ReadMessageHistory, UseExternalEmojis, UseVoice, Speak, UseVoiceDetection, ChangeNickname
Название: Солнышко и БляБляНаме
Цвет: #843DA4
Восстанавливаем.
[2020-06-14 14:09:03.868][Guard Role] ВНИМАНИЕ! Изменена защищаемая роль Role 674687611541127209; Солнышко и БляБляНаме на сервере Guild 662792655314485268; Bla Bla Home!
Новые настройки роли:
Позиция: 50
Права: CreateInstantInvite, AddReactions, AccessChannels, SendMessages, EmbedLinks, AttachFiles, ReadMessageHistory, UseExternalEmojis, UseVoice, Speak, UseVoiceDetection, ChangeNickname
Название: Солнышко и БляБляНаме
Цвет: #843DA4
Старые настройки роли:
Позиция: 45
Права: CreateInstantInvite, AddReactions, AccessChannels, SendMessages, EmbedLinks, AttachFiles, ReadMessageHistory, UseExternalEmojis, UseVoice, Speak, UseVoiceDetection, ChangeNickname
Название: Солнышко и БляБляНаме
Цвет: #843DA4
Восстанавливаем.
[2020-06-14 14:17:07.970][Main] Запустили бота.
[2020-06-14 14:17:09.640][Main] Добавили сервер Bla Bla Home|662792655314485268 в список.
[2020-06-14 14:17:44.865][Guard Role] ВНИМАНИЕ! Изменена защищаемая роль Role 674687611541127209; Солнышко и БляБляНаме на сервере Guild 662792655314485268; Bla Bla Home!
Новые настройки роли:
Позиция: 48
Права: CreateInstantInvite, AddReactions, AccessChannels, SendMessages, EmbedLinks, AttachFiles, ReadMessageHistory, UseExternalEmojis, UseVoice, Speak, UseVoiceDetection, ChangeNickname
Название: Солнышко и БляБляНаме
Цвет: #843DA4
Старые настройки роли:
Позиция: 50
Права: CreateInstantInvite, AddReactions, AccessChannels, SendMessages, EmbedLinks, AttachFiles, ReadMessageHistory, UseExternalEmojis, UseVoice, Speak, UseVoiceDetection, ChangeNickname
Название: Солнышко и БляБляНаме
Цвет: #843DA4
Восстанавливаем.
[2020-06-14 14:23:18.656][Main] Запустили бота.
[2020-06-14 14:23:20.231][Main] Добавили сервер Bla Bla Home|662792655314485268 в список.
[2020-06-14 14:23:47.801][Guard Role] ВНИМАНИЕ! Изменена защищаемая роль Role 674687611541127209; Солнышко и БляБляНаме на сервере Guild 662792655314485268; Bla Bla Home!
Новые настройки роли:
Позиция: 50
Права: CreateInstantInvite, Administrator, AddReactions, AccessChannels, SendMessages, EmbedLinks, AttachFiles, ReadMessageHistory, UseExternalEmojis, UseVoice, Speak, UseVoiceDetection, ChangeNickname
Название: Солнышко и БляБляНаме
Цвет: #843DA4
Старые настройки роли:
Позиция: 50
Права: CreateInstantInvite, AddReactions, AccessChannels, SendMessages, EmbedLinks, AttachFiles, ReadMessageHistory, UseExternalEmojis, UseVoice, Speak, UseVoiceDetection, ChangeNickname
Название: Солнышко и БляБляНаме
Цвет: #843DA4
Восстанавливаем.
[2020-06-14 14:23:56.625][Guard Role] ВНИМАНИЕ! Изменена защищаемая роль Role 674687611541127209; Солнышко и БляБляНаме на сервере Guild 662792655314485268; Bla Bla Home!
Новые настройки роли:
Позиция: 49
Права: CreateInstantInvite, Administrator, AddReactions, AccessChannels, SendMessages, EmbedLinks, AttachFiles, ReadMessageHistory, UseExternalEmojis, UseVoice, Speak, UseVoiceDetection, ChangeNickname
Название: Солнышко и БляБляНаме
Цвет: #843DA4
Старые настройки роли:
Позиция: 49
Права: CreateInstantInvite, AddReactions, AccessChannels, SendMessages, EmbedLinks, AttachFiles, ReadMessageHistory, UseExternalEmojis, UseVoice, Speak, UseVoiceDetection, ChangeNickname
Название: Солнышко и БляБляНаме
Цвет: #843DA4
Восстанавливаем.
[2020-06-14 14:24:31.506][Guard Role] ВНИМАНИЕ! Изменена защищаемая роль Role 674687611541127209; Солнышко и БляБляНаме на сервере Guild 662792655314485268; Bla Bla Home!
Новые настройки роли:
Позиция: 50
Права: CreateInstantInvite, Administrator, AddReactions, AccessChannels, SendMessages, EmbedLinks, AttachFiles, ReadMessageHistory, UseExternalEmojis, UseVoice, Speak, UseVoiceDetection, ChangeNickname
Название: Солнышко и БляБляНаме
Цвет: #843DA4
Старые настройки роли:
Позиция: 50
Права: CreateInstantInvite, AddReactions, AccessChannels, SendMessages, EmbedLinks, AttachFiles, ReadMessageHistory, UseExternalEmojis, UseVoice, Speak, UseVoiceDetection, ChangeNickname
Название: Солнышко и БляБляНаме
Цвет: #843DA4
Восстанавливаем.
[2020-06-14 14:26:49.589][Main] Запустили бота.
[2020-06-14 14:26:51.431][Main] Добавили сервер Bla Bla Home|662792655314485268 в список.
[2020-06-14 14:27:06.963][Guard Role] ВНИМАНИЕ! Изменена защищаемая роль Role 674687611541127209; Солнышко и БляБляНаме на сервере Guild 662792655314485268; Bla Bla Home!
Новые настройки роли:
Позиция: 49
Права: CreateInstantInvite, Administrator, AddReactions, AccessChannels, SendMessages, EmbedLinks, AttachFiles, ReadMessageHistory, UseExternalEmojis, UseVoice, Speak, UseVoiceDetection, ChangeNickname
Название: Солнышко и БляБляНаме
Цвет: #843DA4
Старые настройки роли:
Позиция: 49
Права: CreateInstantInvite, AddReactions, AccessChannels, SendMessages, EmbedLinks, AttachFiles, ReadMessageHistory, UseExternalEmojis, UseVoice, Speak, UseVoiceDetection, ChangeNickname
Название: Солнышко и БляБляНаме
Цвет: #843DA4
Восстанавливаем.
[2020-06-14 14:27:19.058][Guard Role] ВНИМАНИЕ! Изменена защищаемая роль Role 674687611541127209; Солнышко и БляБляНаме на сервере Guild 662792655314485268; Bla Bla Home!
Новые настройки роли:
Позиция: 49
Права: CreateInstantInvite, Administrator, AddReactions, AccessChannels, SendMessages, EmbedLinks, AttachFiles, ReadMessageHistory, UseExternalEmojis, UseVoice, Speak, UseVoiceDetection, ChangeNickname
Название: Солнышко и БляБляНаме
Цвет: #843DA4
Старые настройки роли:
Позиция: 49
Права: CreateInstantInvite, AddReactions, AccessChannels, SendMessages, EmbedLinks, AttachFiles, ReadMessageHistory, UseExternalEmojis, UseVoice, Speak, UseVoiceDetection, ChangeNickname
Название: Солнышко и БляБляНаме
Цвет: #843DA4
Восстанавливаем.
[2020-06-14 14:29:15.202][Main] Запустили бота.
[2020-06-14 14:29:16.772][Main] Добавили сервер Bla Bla Home|662792655314485268 в список.
[2020-06-14 14:31:03.408][Main] Запустили бота.
[2020-06-14 14:31:05.940][Main] Добавили сервер Bla Bla Home|662792655314485268 в список.
[2020-06-14 14:32:02.157][Main] Запустили бота.
[2020-06-14 14:32:03.712][Main] Добавили сервер Bla Bla Home|662792655314485268 в список.
[2020-06-14 14:33:01.603][Guard Role] ВНИМАНИЕ! Изменена защищаемая роль Role 674687611541127209; Солнышко и БляБляНаме на сервере Guild 662792655314485268; Bla Bla Home!
Новые настройки роли:
Позиция: 49
Права: CreateInstantInvite, Administrator, AddReactions, AccessChannels, SendMessages, EmbedLinks, AttachFiles, ReadMessageHistory, UseExternalEmojis, UseVoice, Speak, UseVoiceDetection, ChangeNickname
Название: Солнышко и БляБляНаме
Цвет: #843DA4
Старые настройки роли:
Позиция: 49
Права: CreateInstantInvite, AddReactions, AccessChannels, SendMessages, EmbedLinks, AttachFiles, ReadMessageHistory, UseExternalEmojis, UseVoice, Speak, UseVoiceDetection, ChangeNickname
Название: Солнышко и БляБляНаме
Цвет: #843DA4
Восстанавливаем.
[2020-06-14 14:33:22.658][Guard Role] ВНИМАНИЕ! Изменена защищаемая роль Role 674687611541127209; Солнышко и БляБляНаме на сервере Guild 662792655314485268; Bla Bla Home!
Новые настройки роли:
Позиция: 49
Права: CreateInstantInvite, Administrator, AddReactions, AccessChannels, SendMessages, EmbedLinks, AttachFiles, ReadMessageHistory, UseExternalEmojis, UseVoice, Speak, UseVoiceDetection, ChangeNickname
Название: Солнышко и БляБляНаме
Цвет: #843DA4
Старые настройки роли:
Позиция: 49
Права: CreateInstantInvite, AddReactions, AccessChannels, SendMessages, EmbedLinks, AttachFiles, ReadMessageHistory, UseExternalEmojis, UseVoice, Speak, UseVoiceDetection, ChangeNickname
Название: Солнышко и БляБляНаме
Цвет: #843DA4
Восстанавливаем.
[2020-06-14 14:34:15.714][Main] Запустили бота.
[2020-06-14 14:34:17.275][Main] Добавили сервер Bla Bla Home|662792655314485268 в список.
[2020-06-14 14:34:29.748][Guard Role] ВНИМАНИЕ! Изменена защищаемая роль Role 674687611541127209; Солнышко и БляБляНаме на сервере Guild 662792655314485268; Bla Bla Home!
Новые настройки роли:
Позиция: 49
Права: CreateInstantInvite, Administrator, AddReactions, AccessChannels, SendMessages, EmbedLinks, AttachFiles, ReadMessageHistory, UseExternalEmojis, UseVoice, Speak, UseVoiceDetection, ChangeNickname
Название: Солнышко и БляБляНаме
Цвет: #843DA4
Старые настройки роли:
Позиция: 49
Права: CreateInstantInvite, AddReactions, AccessChannels, SendMessages, EmbedLinks, AttachFiles, ReadMessageHistory, UseExternalEmojis, UseVoice, Speak, UseVoiceDetection, ChangeNickname
Название: Солнышко и БляБляНаме
Цвет: #843DA4
Восстанавливаем.
[2020-06-14 14:35:24.841][Main] Запустили бота.
[2020-06-14 14:35:27.410][Main] Добавили сервер Bla Bla Home|662792655314485268 в список.
[2020-06-14 14:36:20.726][Main] Запустили бота.
[2020-06-14 14:36:22.306][Main] Добавили сервер Bla Bla Home|662792655314485268 в список.
[2020-06-14 14:41:18.267][Main] Запустили бота.
[2020-06-14 14:41:19.841][Main] Добавили сервер Bla Bla Home|662792655314485268 в список.
[2020-06-14 14:43:16.631][Main] Запустили бота.
[2020-06-14 14:43:18.204][Main] Добавили сервер Bla Bla Home|662792655314485268 в список.
[2020-06-14 14:58:25.401][Main] Запустили бота.
[2020-06-14 14:58:26.882][Main] Добавили сервер Bla Bla Home|662792655314485268 в список.
